0 info it worked if it ends with ok
1 verbose cli [ '/Users/kinoshitashun/.nvm/v0.11.14/bin/node',
1 verbose cli   '/Users/kinoshitashun/.nvm/v0.11.14/bin/npm',
1 verbose cli   'install' ]
2 info using npm@2.0.0
3 info using node@v0.11.14
4 error install Couldn't read dependencies
5 verbose stack Error: Failed to parse json
5 verbose stack Unexpected string
5 verbose stack     at parseError (/Users/kinoshitashun/.nvm/v0.11.14/lib/node_modules/npm/node_modules/read-package-json/read-json.js:378:25)
5 verbose stack     at parseJson (/Users/kinoshitashun/.nvm/v0.11.14/lib/node_modules/npm/node_modules/read-package-json/read-json.js:85:51)
5 verbose stack     at /Users/kinoshitashun/.nvm/v0.11.14/lib/node_modules/npm/node_modules/read-package-json/read-json.js:59:33
5 verbose stack     at evalmachine.<anonymous>:295:14
5 verbose stack     at /Users/kinoshitashun/.nvm/v0.11.14/lib/node_modules/npm/node_modules/graceful-fs/graceful-fs.js:102:5
5 verbose stack     at Object.oncomplete (evalmachine.<anonymous>:93:15)
6 verbose cwd /Users/kinoshitashun/GoogleDrive/workspace/HeadLessBrowser/KOSMOSapi
7 error Darwin 13.4.0
8 error argv "/Users/kinoshitashun/.nvm/v0.11.14/bin/node" "/Users/kinoshitashun/.nvm/v0.11.14/bin/npm" "install"
9 error node v0.11.14
10 error npm  v2.0.0
11 error file /Users/kinoshitashun/GoogleDrive/workspace/HeadLessBrowser/KOSMOSapi/package.json
12 error code EJSONPARSE
13 error Failed to parse json
13 error Unexpected string
14 error File: /Users/kinoshitashun/GoogleDrive/workspace/HeadLessBrowser/KOSMOSapi/package.json
15 error Failed to parse package.json data.
15 error package.json must be actual JSON, not just JavaScript.
15 error
15 error This is not a bug in npm.
15 error Tell the package author to fix their package.json file. JSON.parse
16 verbose exit [ 1, true ]
